<?xml version="1.0" encoding="UTF-8"?>
<!-- Generated by org.testng.reporters.JUnitReportReporter -->
<testsuite hostname="admin" failures="0" tests="1" name="demoTests.ApiDemoGetTest" time="0.068" errors="0" timestamp="2025-08-04T12:30:53 IST" skipped="0">
  <testcase classname="demoTests.ApiDemoGetTest" name="apiGetTest" time="0.068"/>
</testsuite> <!-- demoTests.ApiDemoGetTest -->
