<?xml version="1.0" encoding="UTF-8"?>
<!-- Generated by org.testng.reporters.JUnitReportReporter -->
<testsuite hostname="admin" failures="0" tests="1" name="demoTests.ApiDemoDeleteTest" time="0.060" errors="0" timestamp="2025-08-04T12:30:53 IST" skipped="0">
  <testcase classname="demoTests.ApiDemoDeleteTest" name="apiDeleteTest" time="0.060"/>
</testsuite> <!-- demoTests.ApiDemoDeleteTest -->
