<?xml version="1.0" encoding="UTF-8"?>
<!-- Generated by org.testng.reporters.JUnitReportReporter -->
<testsuite hostname="admin" failures="0" tests="1" name="demoTests.APITests" time="1.573" errors="0" timestamp="2025-08-04T12:00:09 IST" skipped="0">
  <testcase classname="demoTests.APITests" name="APITest" time="1.573"/>
</testsuite> <!-- demoTests.APITests -->
