<?xml version="1.0" encoding="UTF-8"?>
<!-- Generated by org.testng.reporters.JUnitReportReporter -->
<testsuite hostname="admin" failures="0" tests="1" name="demoTests.APIDemoPostTest" time="1.497" errors="0" timestamp="2025-08-04T12:30:53 IST" skipped="0">
  <testcase classname="demoTests.APIDemoPostTest" name="ApiPostTest" time="1.497"/>
</testsuite> <!-- demoTests.APIDemoPostTest -->
